2018-08-28 15:06:09 - PHP Notice:  Undefined variable: file in E:\xampp\htdocs\hikefun\admin\controller\extension\module\pavothemer.php on line 2300
2018-08-28 15:06:10 - PHP Notice:  Undefined variable: file in E:\xampp\htdocs\hikefun\admin\controller\extension\module\pavothemer.php on line 2300
2018-08-28 15:12:39 - PHP Notice:  Undefined offset: 4 in E:\xampp\htdocs\hikefun\catalog\controller\extension\module\pavuserpopup.php on line 119
2018-08-28 15:12:39 - PHP Warning:  trim() expects parameter 1 to be string, array given in E:\xampp\htdocs\hikefun\catalog\controller\extension\module\pavuserpopup.php on line 122
2018-08-28 15:14:12 - PHP Notice:  Undefined offset: 4 in E:\xampp\htdocs\hikefun\catalog\controller\extension\module\pavuserpopup.php on line 119
2018-08-28 15:14:12 - PHP Warning:  trim() expects parameter 1 to be string, array given in E:\xampp\htdocs\hikefun\catalog\controller\extension\module\pavuserpopup.php on line 122
2018-08-28 15:17:33 - PHP Notice:  Undefined offset: 4 in E:\xampp\htdocs\hikefun\catalog\controller\extension\module\pavuserpopup.php on line 119
2018-08-28 15:17:33 - PHP Notice:  Array to string conversion in E:\xampp\htdocs\hikefun\catalog\controller\extension\module\pavuserpopup.php on line 120
2018-08-28 15:17:33 - PHP Warning:  trim() expects parameter 1 to be string, array given in E:\xampp\htdocs\hikefun\catalog\controller\extension\module\pavuserpopup.php on line 122
2018-08-28 15:18:07 - PHP Notice:  Undefined offset: 4 in E:\xampp\htdocs\hikefun\catalog\controller\extension\module\pavuserpopup.php on line 119
2018-08-28 15:18:07 - PHP Notice:  Array to string conversion in E:\xampp\htdocs\hikefun\catalog\controller\extension\module\pavuserpopup.php on line 120
2018-08-28 15:18:07 - PHP Warning:  trim() expects parameter 1 to be string, array given in E:\xampp\htdocs\hikefun\catalog\controller\extension\module\pavuserpopup.php on line 122
2018-08-28 15:23:37 - PHP Notice:  Undefined offset: 4 in E:\xampp\htdocs\hikefun\catalog\controller\extension\module\pavuserpopup.php on line 119
2018-08-28 15:23:37 - PHP Notice:  Array to string conversion in E:\xampp\htdocs\hikefun\catalog\controller\extension\module\pavuserpopup.php on line 120
2018-08-28 15:23:37 - PHP Warning:  trim() expects parameter 1 to be string, array given in E:\xampp\htdocs\hikefun\catalog\controller\extension\module\pavuserpopup.php on line 122
2018-08-28 15:24:07 - PHP Notice:  Undefined offset: 4 in E:\xampp\htdocs\hikefun\catalog\controller\extension\module\pavuserpopup.php on line 119
2018-08-28 15:24:07 - PHP Notice:  Array to string conversion in E:\xampp\htdocs\hikefun\catalog\controller\extension\module\pavuserpopup.php on line 120
2018-08-28 15:24:07 - PHP Warning:  trim() expects parameter 1 to be string, array given in E:\xampp\htdocs\hikefun\catalog\controller\extension\module\pavuserpopup.php on line 122
2018-08-28 15:24:12 - PHP Notice:  Undefined offset: 4 in E:\xampp\htdocs\hikefun\catalog\controller\extension\module\pavuserpopup.php on line 119
2018-08-28 15:24:12 - PHP Notice:  Array to string conversion in E:\xampp\htdocs\hikefun\catalog\controller\extension\module\pavuserpopup.php on line 120
2018-08-28 15:24:12 - PHP Warning:  trim() expects parameter 1 to be string, array given in E:\xampp\htdocs\hikefun\catalog\controller\extension\module\pavuserpopup.php on line 122
2018-08-28 15:24:45 - PHP Notice:  Undefined offset: 4 in E:\xampp\htdocs\hikefun\catalog\controller\extension\module\pavuserpopup.php on line 119
2018-08-28 15:24:45 - PHP Notice:  Array to string conversion in E:\xampp\htdocs\hikefun\catalog\controller\extension\module\pavuserpopup.php on line 120
2018-08-28 15:24:45 - PHP Warning:  trim() expects parameter 1 to be string, array given in E:\xampp\htdocs\hikefun\catalog\controller\extension\module\pavuserpopup.php on line 122
2018-08-28 15:48:00 - PHP Notice:  Undefined variable: file in E:\xampp\htdocs\hikefun\admin\controller\extension\module\pavothemer.php on line 2300
2018-08-28 15:48:01 - PHP Notice:  Undefined variable: file in E:\xampp\htdocs\hikefun\admin\controller\extension\module\pavothemer.php on line 2300
2018-08-28 16:19:53 - PHP Notice:  Trying to get property of non-object in E:\xampp\htdocs\hikefun\admin\controller\extension\module\pavsliderlayer.php on line 866
2018-08-28 16:19:53 - PHP Warning:  Invalid argument supplied for foreach() in E:\xampp\htdocs\hikefun\admin\controller\extension\module\pavsliderlayer.php on line 866
2018-08-28 16:24:41 - PHP Notice:  Trying to get property of non-object in E:\xampp\htdocs\hikefun\admin\controller\extension\module\pavsliderlayer.php on line 866
2018-08-28 16:24:41 - PHP Warning:  Invalid argument supplied for foreach() in E:\xampp\htdocs\hikefun\admin\controller\extension\module\pavsliderlayer.php on line 866
2018-09-01 3:31:53 - PHP Warning:  mysqli::mysqli(): (HY000/2002): No connection could be made because the target machine actively refused it.
 in E:\xampp\htdocs\hikefun\system\library\db\mysqli.php on line 7
2018-09-01 3:31:53 - PHP Warning:  DB\MySQLi::__construct(): Couldn't fetch mysqli in E:\xampp\htdocs\hikefun\system\library\db\mysqli.php on line 10
2018-09-01 3:31:53 - PHP Warning:  DB\MySQLi::__construct(): Couldn't fetch mysqli in E:\xampp\htdocs\hikefun\system\library\db\mysqli.php on line 10
2018-09-01 3:37:00 - PHP Warning:  unlink(E:/xampp/htdocs/hikefun/system/storage/cache/cache.admin.language.1535776620): Permission denied in E:\xampp\htdocs\hikefun\system\library\cache\file.php on line 68
2018-09-01 3:37:00 - PHP Warning:  unlink(E:/xampp/htdocs/hikefun/system/storage/cache/cache.store.1535776620): Permission denied in E:\xampp\htdocs\hikefun\system\library\cache\file.php on line 68
2018-09-01 4:08:31 - PHP Notice:  Trying to get property of non-object in E:\xampp\htdocs\hikefun\admin\controller\extension\module\pavsliderlayer.php on line 866
2018-09-01 4:08:31 - PHP Warning:  Invalid argument supplied for foreach() in E:\xampp\htdocs\hikefun\admin\controller\extension\module\pavsliderlayer.php on line 866
2018-09-01 4:24:08 - PHP Notice:  Trying to get property of non-object in E:\xampp\htdocs\hikefun\admin\controller\extension\module\pavsliderlayer.php on line 866
2018-09-01 4:24:08 - PHP Warning:  Invalid argument supplied for foreach() in E:\xampp\htdocs\hikefun\admin\controller\extension\module\pavsliderlayer.php on line 866
2018-09-01 6:11:50 - PHP Notice:  Undefined offset: 4 in E:\xampp\htdocs\hikefun\catalog\controller\extension\module\pavuserpopup.php on line 119
2018-09-01 6:11:50 - PHP Warning:  trim() expects parameter 1 to be string, array given in E:\xampp\htdocs\hikefun\catalog\controller\extension\module\pavuserpopup.php on line 121
2018-09-01 6:12:18 - PHP Notice:  Undefined offset: 4 in E:\xampp\htdocs\hikefun\catalog\controller\extension\module\pavuserpopup.php on line 119
2018-09-01 6:12:18 - PHP Warning:  trim() expects parameter 1 to be string, array given in E:\xampp\htdocs\hikefun\catalog\controller\extension\module\pavuserpopup.php on line 121
2018-09-01 6:12:34 - PHP Notice:  Undefined offset: 4 in E:\xampp\htdocs\hikefun\catalog\controller\extension\module\pavuserpopup.php on line 119
2018-09-01 6:12:34 - PHP Warning:  trim() expects parameter 1 to be string, array given in E:\xampp\htdocs\hikefun\catalog\controller\extension\module\pavuserpopup.php on line 121
2018-09-01 6:15:20 - PHP Warning:  mail(): Failed to connect to mailserver at &quot;localhost&quot; port 25, verify your &quot;SMTP&quot; and &quot;smtp_port&quot; setting in php.ini or use ini_set() in E:\xampp\htdocs\hikefun\system\library\mail\mail.php on line 77
2018-09-01 6:16:05 - PHP Notice:  Undefined offset: 4 in E:\xampp\htdocs\hikefun\catalog\controller\extension\module\pavuserpopup.php on line 119
2018-09-01 6:16:05 - PHP Warning:  trim() expects parameter 1 to be string, array given in E:\xampp\htdocs\hikefun\catalog\controller\extension\module\pavuserpopup.php on line 121
2018-09-01 6:16:34 - PHP Warning:  mail(): Failed to connect to mailserver at &quot;localhost&quot; port 25, verify your &quot;SMTP&quot; and &quot;smtp_port&quot; setting in php.ini or use ini_set() in E:\xampp\htdocs\hikefun\system\library\mail\mail.php on line 77
2018-09-01 6:16:35 - PHP Warning:  mail(): Failed to connect to mailserver at &quot;localhost&quot; port 25, verify your &quot;SMTP&quot; and &quot;smtp_port&quot; setting in php.ini or use ini_set() in E:\xampp\htdocs\hikefun\system\library\mail\mail.php on line 77
2018-09-01 6:18:33 - PHP Warning:  mail(): Failed to connect to mailserver at &quot;localhost&quot; port 25, verify your &quot;SMTP&quot; and &quot;smtp_port&quot; setting in php.ini or use ini_set() in E:\xampp\htdocs\hikefun\system\library\mail\mail.php on line 77
2018-09-01 6:18:34 - PHP Warning:  mail(): Failed to connect to mailserver at &quot;localhost&quot; port 25, verify your &quot;SMTP&quot; and &quot;smtp_port&quot; setting in php.ini or use ini_set() in E:\xampp\htdocs\hikefun\system\library\mail\mail.php on line 77
2018-09-01 6:25:40 - PHP Warning:  mail(): Failed to connect to mailserver at &quot;localhost&quot; port 25, verify your &quot;SMTP&quot; and &quot;smtp_port&quot; setting in php.ini or use ini_set() in E:\xampp\htdocs\hikefun\system\library\mail\mail.php on line 77
2018-09-01 6:25:41 - PHP Warning:  mail(): Failed to connect to mailserver at &quot;localhost&quot; port 25, verify your &quot;SMTP&quot; and &quot;smtp_port&quot; setting in php.ini or use ini_set() in E:\xampp\htdocs\hikefun\system\library\mail\mail.php on line 77
2018-09-01 6:32:14 - PHP Warning:  Division by zero in E:\xampp\htdocs\hikefun\admin\model\localisation\currency.php on line 141
2018-09-01 6:32:14 - PHP Warning:  Division by zero in E:\xampp\htdocs\hikefun\admin\model\localisation\currency.php on line 141
2018-09-01 6:32:14 - PHP Warning:  Division by zero in E:\xampp\htdocs\hikefun\admin\model\localisation\currency.php on line 141
2018-09-01 6:32:14 - PHP Warning:  Division by zero in E:\xampp\htdocs\hikefun\admin\model\localisation\currency.php on line 141
2018-09-01 6:32:14 - PHP Warning:  Division by zero in E:\xampp\htdocs\hikefun\admin\model\localisation\currency.php on line 141
2018-09-01 6:32:14 - PHP Warning:  Division by zero in E:\xampp\htdocs\hikefun\admin\model\localisation\currency.php on line 141
2018-09-01 6:32:14 - PHP Warning:  Division by zero in E:\xampp\htdocs\hikefun\admin\model\localisation\currency.php on line 141
2018-09-01 6:32:14 - PHP Warning:  Division by zero in E:\xampp\htdocs\hikefun\admin\model\localisation\currency.php on line 141
2018-09-01 6:32:14 - PHP Warning:  Division by zero in E:\xampp\htdocs\hikefun\admin\model\localisation\currency.php on line 141
2018-09-01 6:32:14 - PHP Warning:  Division by zero in E:\xampp\htdocs\hikefun\admin\model\localisation\currency.php on line 141
2018-09-01 6:32:46 - PHP Warning:  mail(): Failed to connect to mailserver at &quot;localhost&quot; port 25, verify your &quot;SMTP&quot; and &quot;smtp_port&quot; setting in php.ini or use ini_set() in E:\xampp\htdocs\hikefun\system\library\mail\mail.php on line 77
2018-09-01 6:32:47 - PHP Warning:  mail(): Failed to connect to mailserver at &quot;localhost&quot; port 25, verify your &quot;SMTP&quot; and &quot;smtp_port&quot; setting in php.ini or use ini_set() in E:\xampp\htdocs\hikefun\system\library\mail\mail.php on line 77
2018-09-01 6:33:18 - PHP Warning:  mail(): Failed to connect to mailserver at &quot;localhost&quot; port 25, verify your &quot;SMTP&quot; and &quot;smtp_port&quot; setting in php.ini or use ini_set() in E:\xampp\htdocs\hikefun\system\library\mail\mail.php on line 77
2018-09-01 6:33:19 - PHP Warning:  mail(): Failed to connect to mailserver at &quot;localhost&quot; port 25, verify your &quot;SMTP&quot; and &quot;smtp_port&quot; setting in php.ini or use ini_set() in E:\xampp\htdocs\hikefun\system\library\mail\mail.php on line 77
2018-09-01 6:36:56 - PHP Warning:  mail(): Failed to connect to mailserver at &quot;localhost&quot; port 25, verify your &quot;SMTP&quot; and &quot;smtp_port&quot; setting in php.ini or use ini_set() in E:\xampp\htdocs\hikefun\system\library\mail\mail.php on line 77
2018-09-01 6:36:57 - PHP Warning:  mail(): Failed to connect to mailserver at &quot;localhost&quot; port 25, verify your &quot;SMTP&quot; and &quot;smtp_port&quot; setting in php.ini or use ini_set() in E:\xampp\htdocs\hikefun\system\library\mail\mail.php on line 77
2018-09-01 14:45:05 - PHP Notice:  Undefined index: display_desc in E:\xampp\htdocs\hikefun\admin\controller\extension\module\pavcatfeatured.php on line 127
2018-09-01 14:45:17 - PHP Notice:  Undefined index: display_desc in E:\xampp\htdocs\hikefun\admin\controller\extension\module\pavcatfeatured.php on line 127
2018-09-01 15:13:53 - PHP Notice:  Undefined index: display_desc in E:\xampp\htdocs\hikefun\admin\controller\extension\module\pavcatfeatured.php on line 127
2018-09-02 3:02:30 - PHP Notice:  Undefined variable: file in E:\xampp\htdocs\hikefun\admin\controller\extension\module\pavothemer.php on line 2300
2018-09-02 3:02:31 - PHP Notice:  Undefined variable: file in E:\xampp\htdocs\hikefun\admin\controller\extension\module\pavothemer.php on line 2300
2018-09-02 3:05:52 - PHP Notice:  Undefined index: display_desc in E:\xampp\htdocs\hikefun\admin\controller\extension\module\pavcatfeatured.php on line 127
2018-09-02 3:06:01 - PHP Notice:  Undefined index: display_desc in E:\xampp\htdocs\hikefun\admin\controller\extension\module\pavcatfeatured.php on line 127
2018-09-02 3:11:55 - PHP Notice:  Undefined offset: 4 in E:\xampp\htdocs\hikefun\catalog\controller\extension\module\pavuserpopup.php on line 119
2018-09-02 3:11:55 - PHP Warning:  trim() expects parameter 1 to be string, array given in E:\xampp\htdocs\hikefun\catalog\controller\extension\module\pavuserpopup.php on line 121
2018-09-02 3:40:08 - PHP Notice:  Undefined index: display_desc in E:\xampp\htdocs\hikefun\admin\controller\extension\module\pavcatfeatured.php on line 127
2018-09-02 3:41:05 - PHP Notice:  Undefined index: display_desc in E:\xampp\htdocs\hikefun\admin\controller\extension\module\pavcatfeatured.php on line 127
2018-09-02 3:48:02 - PHP Notice:  Undefined index: name in E:\xampp\htdocs\hikefun\catalog\controller\extension\module\pavobuilder\inc\widgets\categories_tabs.php on line 297
2018-09-02 5:02:57 - PHP Notice:  Undefined offset: 4 in E:\xampp\htdocs\hikefun\catalog\controller\extension\module\pavuserpopup.php on line 119
2018-09-02 5:02:57 - PHP Warning:  trim() expects parameter 1 to be string, array given in E:\xampp\htdocs\hikefun\catalog\controller\extension\module\pavuserpopup.php on line 121
2018-09-02 5:03:38 - PHP Notice:  Undefined offset: 4 in E:\xampp\htdocs\hikefun\catalog\controller\extension\module\pavuserpopup.php on line 119
2018-09-02 5:03:38 - PHP Warning:  trim() expects parameter 1 to be string, array given in E:\xampp\htdocs\hikefun\catalog\controller\extension\module\pavuserpopup.php on line 121
2018-09-02 5:05:11 - PHP Notice:  Undefined offset: 4 in E:\xampp\htdocs\hikefun\catalog\controller\extension\module\pavuserpopup.php on line 119
2018-09-02 5:05:11 - PHP Warning:  trim() expects parameter 1 to be string, array given in E:\xampp\htdocs\hikefun\catalog\controller\extension\module\pavuserpopup.php on line 121
2018-09-02 5:20:05 - PHP Warning:  mysqli::mysqli(): (HY000/2002): No connection could be made because the target machine actively refused it.
 in E:\xampp\htdocs\hikefun\system\library\db\mysqli.php on line 7
2018-09-02 5:20:05 - PHP Warning:  DB\MySQLi::__construct(): Couldn't fetch mysqli in E:\xampp\htdocs\hikefun\system\library\db\mysqli.php on line 10
2018-09-02 5:20:05 - PHP Warning:  DB\MySQLi::__construct(): Couldn't fetch mysqli in E:\xampp\htdocs\hikefun\system\library\db\mysqli.php on line 10
2018-09-02 5:21:50 - PHP Warning:  Division by zero in E:\xampp\htdocs\hikefun\admin\model\localisation\currency.php on line 141
2018-09-02 5:21:50 - PHP Warning:  Division by zero in E:\xampp\htdocs\hikefun\admin\model\localisation\currency.php on line 141
2018-09-02 5:21:50 - PHP Warning:  Division by zero in E:\xampp\htdocs\hikefun\admin\model\localisation\currency.php on line 141
2018-09-02 5:21:50 - PHP Warning:  Division by zero in E:\xampp\htdocs\hikefun\admin\model\localisation\currency.php on line 141
2018-09-02 5:21:50 - PHP Warning:  Division by zero in E:\xampp\htdocs\hikefun\admin\model\localisation\currency.php on line 141
2018-09-02 5:21:50 - PHP Warning:  Division by zero in E:\xampp\htdocs\hikefun\admin\model\localisation\currency.php on line 141
2018-09-02 5:21:50 - PHP Warning:  Division by zero in E:\xampp\htdocs\hikefun\admin\model\localisation\currency.php on line 141
2018-09-02 5:21:50 - PHP Warning:  Division by zero in E:\xampp\htdocs\hikefun\admin\model\localisation\currency.php on line 141
2018-09-02 5:21:50 - PHP Warning:  Division by zero in E:\xampp\htdocs\hikefun\admin\model\localisation\currency.php on line 141
2018-09-02 5:21:50 - PHP Warning:  Division by zero in E:\xampp\htdocs\hikefun\admin\model\localisation\currency.php on line 141
2018-09-02 14:32:38 - PHP Warning:  mysqli::mysqli(): (HY000/2002): No connection could be made because the target machine actively refused it.
 in E:\xampp\htdocs\hikefun\system\library\db\mysqli.php on line 7
2018-09-02 14:32:38 - PHP Warning:  DB\MySQLi::__construct(): Couldn't fetch mysqli in E:\xampp\htdocs\hikefun\system\library\db\mysqli.php on line 10
2018-09-02 14:32:38 - PHP Warning:  DB\MySQLi::__construct(): Couldn't fetch mysqli in E:\xampp\htdocs\hikefun\system\library\db\mysqli.php on line 10
2018-09-02 15:40:01 - PHP Notice:  Undefined offset: 4 in E:\xampp\htdocs\hikefun\catalog\controller\extension\module\pavuserpopup.php on line 119
2018-09-02 15:40:01 - PHP Warning:  trim() expects parameter 1 to be string, array given in E:\xampp\htdocs\hikefun\catalog\controller\extension\module\pavuserpopup.php on line 121
2018-09-02 15:40:18 - PHP Notice:  Undefined offset: 4 in E:\xampp\htdocs\hikefun\catalog\controller\extension\module\pavuserpopup.php on line 119
2018-09-02 15:40:18 - PHP Warning:  trim() expects parameter 1 to be string, array given in E:\xampp\htdocs\hikefun\catalog\controller\extension\module\pavuserpopup.php on line 121
2018-09-02 15:40:24 - PHP Notice:  Undefined offset: 4 in E:\xampp\htdocs\hikefun\catalog\controller\extension\module\pavuserpopup.php on line 119
2018-09-02 15:40:24 - PHP Warning:  trim() expects parameter 1 to be string, array given in E:\xampp\htdocs\hikefun\catalog\controller\extension\module\pavuserpopup.php on line 121
2018-09-02 15:44:49 - PHP Notice:  Undefined offset: 4 in E:\xampp\htdocs\hikefun\catalog\controller\extension\module\pavuserpopup.php on line 119
2018-09-02 15:44:49 - PHP Warning:  trim() expects parameter 1 to be string, array given in E:\xampp\htdocs\hikefun\catalog\controller\extension\module\pavuserpopup.php on line 121
2018-09-02 23:47:15 - PHP Notice:  Undefined offset: 4 in E:\xampp\htdocs\hikefun\catalog\controller\extension\module\pavuserpopup.php on line 119
2018-09-02 23:47:15 - PHP Warning:  trim() expects parameter 1 to be string, array given in E:\xampp\htdocs\hikefun\catalog\controller\extension\module\pavuserpopup.php on line 121
2018-09-02 23:47:20 - PHP Notice:  Undefined offset: 4 in E:\xampp\htdocs\hikefun\catalog\controller\extension\module\pavuserpopup.php on line 119
2018-09-02 23:47:20 - PHP Warning:  trim() expects parameter 1 to be string, array given in E:\xampp\htdocs\hikefun\catalog\controller\extension\module\pavuserpopup.php on line 121
2018-09-02 23:47:24 - PHP Notice:  Undefined offset: 4 in E:\xampp\htdocs\hikefun\catalog\controller\extension\module\pavuserpopup.php on line 119
2018-09-02 23:47:24 - PHP Warning:  trim() expects parameter 1 to be string, array given in E:\xampp\htdocs\hikefun\catalog\controller\extension\module\pavuserpopup.php on line 121
2018-09-02 23:47:43 - PHP Warning:  Division by zero in E:\xampp\htdocs\hikefun\admin\model\localisation\currency.php on line 141
2018-09-02 23:47:43 - PHP Warning:  Division by zero in E:\xampp\htdocs\hikefun\admin\model\localisation\currency.php on line 141
2018-09-02 23:47:43 - PHP Warning:  Division by zero in E:\xampp\htdocs\hikefun\admin\model\localisation\currency.php on line 141
2018-09-02 23:47:43 - PHP Warning:  Division by zero in E:\xampp\htdocs\hikefun\admin\model\localisation\currency.php on line 141
2018-09-02 23:47:43 - PHP Warning:  Division by zero in E:\xampp\htdocs\hikefun\admin\model\localisation\currency.php on line 141
2018-09-02 23:47:43 - PHP Warning:  Division by zero in E:\xampp\htdocs\hikefun\admin\model\localisation\currency.php on line 141
2018-09-02 23:47:43 - PHP Warning:  Division by zero in E:\xampp\htdocs\hikefun\admin\model\localisation\currency.php on line 141
2018-09-02 23:47:43 - PHP Warning:  Division by zero in E:\xampp\htdocs\hikefun\admin\model\localisation\currency.php on line 141
2018-09-02 23:47:43 - PHP Warning:  Division by zero in E:\xampp\htdocs\hikefun\admin\model\localisation\currency.php on line 141
2018-09-02 23:47:43 - PHP Warning:  Division by zero in E:\xampp\htdocs\hikefun\admin\model\localisation\currency.php on line 141
2018-09-02 23:47:52 - PHP Warning:  Division by zero in E:\xampp\htdocs\hikefun\admin\model\localisation\currency.php on line 141
2018-09-02 23:47:52 - PHP Warning:  Division by zero in E:\xampp\htdocs\hikefun\admin\model\localisation\currency.php on line 141
2018-09-02 23:47:52 - PHP Warning:  Division by zero in E:\xampp\htdocs\hikefun\admin\model\localisation\currency.php on line 141
2018-09-02 23:47:52 - PHP Warning:  Division by zero in E:\xampp\htdocs\hikefun\admin\model\localisation\currency.php on line 141
2018-09-02 23:47:52 - PHP Warning:  Division by zero in E:\xampp\htdocs\hikefun\admin\model\localisation\currency.php on line 141
2018-09-02 23:47:52 - PHP Warning:  Division by zero in E:\xampp\htdocs\hikefun\admin\model\localisation\currency.php on line 141
2018-09-02 23:47:52 - PHP Warning:  Division by zero in E:\xampp\htdocs\hikefun\admin\model\localisation\currency.php on line 141
2018-09-02 23:47:52 - PHP Warning:  Division by zero in E:\xampp\htdocs\hikefun\admin\model\localisation\currency.php on line 141
2018-09-02 23:47:52 - PHP Warning:  Division by zero in E:\xampp\htdocs\hikefun\admin\model\localisation\currency.php on line 141
2018-09-02 23:47:52 - PHP Warning:  Division by zero in E:\xampp\htdocs\hikefun\admin\model\localisation\currency.php on line 141
2018-09-02 23:48:05 - PHP Warning:  Division by zero in E:\xampp\htdocs\hikefun\admin\model\localisation\currency.php on line 141
2018-09-02 23:48:05 - PHP Warning:  Division by zero in E:\xampp\htdocs\hikefun\admin\model\localisation\currency.php on line 141
2018-09-02 23:48:05 - PHP Warning:  Division by zero in E:\xampp\htdocs\hikefun\admin\model\localisation\currency.php on line 141
2018-09-02 23:48:05 - PHP Warning:  Division by zero in E:\xampp\htdocs\hikefun\admin\model\localisation\currency.php on line 141
2018-09-02 23:48:05 - PHP Warning:  Division by zero in E:\xampp\htdocs\hikefun\admin\model\localisation\currency.php on line 141
2018-09-02 23:48:05 - PHP Warning:  Division by zero in E:\xampp\htdocs\hikefun\admin\model\localisation\currency.php on line 141
2018-09-02 23:48:05 - PHP Warning:  Division by zero in E:\xampp\htdocs\hikefun\admin\model\localisation\currency.php on line 141
2018-09-02 23:48:05 - PHP Warning:  Division by zero in E:\xampp\htdocs\hikefun\admin\model\localisation\currency.php on line 141
2018-09-02 23:48:05 - PHP Warning:  Division by zero in E:\xampp\htdocs\hikefun\admin\model\localisation\currency.php on line 141
2018-09-02 23:48:05 - PHP Warning:  Division by zero in E:\xampp\htdocs\hikefun\admin\model\localisation\currency.php on line 141
2018-09-02 23:48:42 - PHP Warning:  Division by zero in E:\xampp\htdocs\hikefun\admin\model\localisation\currency.php on line 141
2018-09-02 23:48:42 - PHP Warning:  Division by zero in E:\xampp\htdocs\hikefun\admin\model\localisation\currency.php on line 141
2018-09-02 23:48:42 - PHP Warning:  Division by zero in E:\xampp\htdocs\hikefun\admin\model\localisation\currency.php on line 141
2018-09-02 23:48:42 - PHP Warning:  Division by zero in E:\xampp\htdocs\hikefun\admin\model\localisation\currency.php on line 141
2018-09-02 23:48:42 - PHP Warning:  Division by zero in E:\xampp\htdocs\hikefun\admin\model\localisation\currency.php on line 141
2018-09-02 23:48:42 - PHP Warning:  Division by zero in E:\xampp\htdocs\hikefun\admin\model\localisation\currency.php on line 141
2018-09-02 23:48:42 - PHP Warning:  Division by zero in E:\xampp\htdocs\hikefun\admin\model\localisation\currency.php on line 141
2018-09-02 23:48:42 - PHP Warning:  Division by zero in E:\xampp\htdocs\hikefun\admin\model\localisation\currency.php on line 141
2018-09-02 23:48:42 - PHP Warning:  Division by zero in E:\xampp\htdocs\hikefun\admin\model\localisation\currency.php on line 141
2018-09-02 23:48:42 - PHP Warning:  Division by zero in E:\xampp\htdocs\hikefun\admin\model\localisation\currency.php on line 141
2018-09-02 23:55:57 - PHP Notice:  Undefined offset: 4 in E:\xampp\htdocs\hikefun\catalog\controller\extension\module\pavuserpopup.php on line 119
2018-09-02 23:55:57 - PHP Warning:  trim() expects parameter 1 to be string, array given in E:\xampp\htdocs\hikefun\catalog\controller\extension\module\pavuserpopup.php on line 121
2018-09-03 0:02:30 - PHP Notice:  Undefined offset: 4 in E:\xampp\htdocs\hikefun\catalog\controller\extension\module\pavuserpopup.php on line 119
2018-09-03 0:02:30 - PHP Warning:  trim() expects parameter 1 to be string, array given in E:\xampp\htdocs\hikefun\catalog\controller\extension\module\pavuserpopup.php on line 121
2018-09-03 0:03:28 - PHP Notice:  Undefined offset: 4 in E:\xampp\htdocs\hikefun\catalog\controller\extension\module\pavuserpopup.php on line 119
2018-09-03 0:03:28 - PHP Warning:  trim() expects parameter 1 to be string, array given in E:\xampp\htdocs\hikefun\catalog\controller\extension\module\pavuserpopup.php on line 121
2018-09-03 0:04:50 - PHP Notice:  Undefined offset: 4 in E:\xampp\htdocs\hikefun\catalog\controller\extension\module\pavuserpopup.php on line 119
2018-09-03 0:04:50 - PHP Warning:  trim() expects parameter 1 to be string, array given in E:\xampp\htdocs\hikefun\catalog\controller\extension\module\pavuserpopup.php on line 121
2018-09-03 0:07:00 - PHP Notice:  Undefined offset: 4 in E:\xampp\htdocs\hikefun\catalog\controller\extension\module\pavuserpopup.php on line 119
2018-09-03 0:07:00 - PHP Warning:  trim() expects parameter 1 to be string, array given in E:\xampp\htdocs\hikefun\catalog\controller\extension\module\pavuserpopup.php on line 121
2018-09-03 0:08:32 - PHP Notice:  Undefined offset: 4 in E:\xampp\htdocs\hikefun\catalog\controller\extension\module\pavuserpopup.php on line 119
2018-09-03 0:08:32 - PHP Warning:  trim() expects parameter 1 to be string, array given in E:\xampp\htdocs\hikefun\catalog\controller\extension\module\pavuserpopup.php on line 121
2018-09-03 0:08:47 - PHP Notice:  Undefined offset: 4 in E:\xampp\htdocs\hikefun\catalog\controller\extension\module\pavuserpopup.php on line 119
2018-09-03 0:08:47 - PHP Warning:  trim() expects parameter 1 to be string, array given in E:\xampp\htdocs\hikefun\catalog\controller\extension\module\pavuserpopup.php on line 121
2018-09-03 0:13:30 - PHP Notice:  Undefined offset: 4 in E:\xampp\htdocs\hikefun\catalog\controller\extension\module\pavuserpopup.php on line 119
2018-09-03 0:13:30 - PHP Warning:  trim() expects parameter 1 to be string, array given in E:\xampp\htdocs\hikefun\catalog\controller\extension\module\pavuserpopup.php on line 121
2018-09-03 0:14:31 - PHP Notice:  Undefined offset: 4 in E:\xampp\htdocs\hikefun\catalog\controller\extension\module\pavuserpopup.php on line 119
2018-09-03 0:14:31 - PHP Warning:  trim() expects parameter 1 to be string, array given in E:\xampp\htdocs\hikefun\catalog\controller\extension\module\pavuserpopup.php on line 121
2018-09-03 0:14:34 - PHP Notice:  Undefined offset: 4 in E:\xampp\htdocs\hikefun\catalog\controller\extension\module\pavuserpopup.php on line 119
2018-09-03 0:14:34 - PHP Warning:  trim() expects parameter 1 to be string, array given in E:\xampp\htdocs\hikefun\catalog\controller\extension\module\pavuserpopup.php on line 121
2018-09-03 0:14:41 - PHP Notice:  Undefined offset: 4 in E:\xampp\htdocs\hikefun\catalog\controller\extension\module\pavuserpopup.php on line 119
2018-09-03 0:14:41 - PHP Warning:  trim() expects parameter 1 to be string, array given in E:\xampp\htdocs\hikefun\catalog\controller\extension\module\pavuserpopup.php on line 121
2018-09-03 0:14:43 - PHP Notice:  Undefined offset: 4 in E:\xampp\htdocs\hikefun\catalog\controller\extension\module\pavuserpopup.php on line 119
2018-09-03 0:14:43 - PHP Warning:  trim() expects parameter 1 to be string, array given in E:\xampp\htdocs\hikefun\catalog\controller\extension\module\pavuserpopup.php on line 121
2018-09-03 0:14:50 - PHP Notice:  Undefined offset: 4 in E:\xampp\htdocs\hikefun\catalog\controller\extension\module\pavuserpopup.php on line 119
2018-09-03 0:14:50 - PHP Warning:  trim() expects parameter 1 to be string, array given in E:\xampp\htdocs\hikefun\catalog\controller\extension\module\pavuserpopup.php on line 121
2018-09-03 0:14:56 - PHP Notice:  Undefined offset: 4 in E:\xampp\htdocs\hikefun\catalog\controller\extension\module\pavuserpopup.php on line 119
2018-09-03 0:14:56 - PHP Warning:  trim() expects parameter 1 to be string, array given in E:\xampp\htdocs\hikefun\catalog\controller\extension\module\pavuserpopup.php on line 121
2018-09-03 0:28:15 - PHP Notice:  Undefined offset: 4 in E:\xampp\htdocs\hikefun\catalog\controller\extension\module\pavuserpopup.php on line 119
2018-09-03 0:28:15 - PHP Warning:  trim() expects parameter 1 to be string, array given in E:\xampp\htdocs\hikefun\catalog\controller\extension\module\pavuserpopup.php on line 121
2018-09-03 0:32:51 - PHP Notice:  Undefined offset: 4 in E:\xampp\htdocs\hikefun\catalog\controller\extension\module\pavuserpopup.php on line 119
2018-09-03 0:32:51 - PHP Notice:  Array to string conversion in E:\xampp\htdocs\hikefun\catalog\controller\extension\module\pavuserpopup.php on line 120
2018-09-03 0:32:51 - PHP Warning:  trim() expects parameter 1 to be string, array given in E:\xampp\htdocs\hikefun\catalog\controller\extension\module\pavuserpopup.php on line 121
2018-09-03 0:50:55 - PHP Notice:  Undefined offset: 4 in E:\xampp\htdocs\hikefun\catalog\controller\extension\module\pavuserpopup.php on line 119
2018-09-03 0:50:55 - PHP Notice:  Array to string conversion in E:\xampp\htdocs\hikefun\catalog\controller\extension\module\pavuserpopup.php on line 120
2018-09-03 0:50:55 - PHP Warning:  trim() expects parameter 1 to be string, array given in E:\xampp\htdocs\hikefun\catalog\controller\extension\module\pavuserpopup.php on line 121
2018-09-03 0:51:15 - PHP Notice:  Undefined offset: 4 in E:\xampp\htdocs\hikefun\catalog\controller\extension\module\pavuserpopup.php on line 119
2018-09-03 0:51:15 - PHP Notice:  Array to string conversion in E:\xampp\htdocs\hikefun\catalog\controller\extension\module\pavuserpopup.php on line 120
2018-09-03 0:51:15 - PHP Warning:  trim() expects parameter 1 to be string, array given in E:\xampp\htdocs\hikefun\catalog\controller\extension\module\pavuserpopup.php on line 121
2018-09-03 0:51:17 - PHP Notice:  Undefined offset: 4 in E:\xampp\htdocs\hikefun\catalog\controller\extension\module\pavuserpopup.php on line 119
2018-09-03 0:51:17 - PHP Notice:  Array to string conversion in E:\xampp\htdocs\hikefun\catalog\controller\extension\module\pavuserpopup.php on line 120
2018-09-03 0:51:17 - PHP Warning:  trim() expects parameter 1 to be string, array given in E:\xampp\htdocs\hikefun\catalog\controller\extension\module\pavuserpopup.php on line 121
2018-09-03 0:51:20 - PHP Notice:  Undefined offset: 4 in E:\xampp\htdocs\hikefun\catalog\controller\extension\module\pavuserpopup.php on line 119
2018-09-03 0:51:20 - PHP Notice:  Array to string conversion in E:\xampp\htdocs\hikefun\catalog\controller\extension\module\pavuserpopup.php on line 120
2018-09-03 0:51:20 - PHP Warning:  trim() expects parameter 1 to be string, array given in E:\xampp\htdocs\hikefun\catalog\controller\extension\module\pavuserpopup.php on line 121
2018-09-03 0:51:24 - PHP Notice:  Undefined offset: 4 in E:\xampp\htdocs\hikefun\catalog\controller\extension\module\pavuserpopup.php on line 119
2018-09-03 0:51:24 - PHP Notice:  Array to string conversion in E:\xampp\htdocs\hikefun\catalog\controller\extension\module\pavuserpopup.php on line 120
2018-09-03 0:51:24 - PHP Warning:  trim() expects parameter 1 to be string, array given in E:\xampp\htdocs\hikefun\catalog\controller\extension\module\pavuserpopup.php on line 121
2018-09-03 0:53:24 - PHP Notice:  Undefined offset: 4 in E:\xampp\htdocs\hikefun\catalog\controller\extension\module\pavuserpopup.php on line 121
2018-09-03 0:53:24 - PHP Notice:  Array to string conversion in E:\xampp\htdocs\hikefun\catalog\controller\extension\module\pavuserpopup.php on line 122
2018-09-03 0:53:24 - PHP Warning:  trim() expects parameter 1 to be string, array given in E:\xampp\htdocs\hikefun\catalog\controller\extension\module\pavuserpopup.php on line 123
2018-09-03 1:20:23 - PHP Notice:  Undefined offset: 4 in E:\xampp\htdocs\hikefun\catalog\controller\extension\module\pavuserpopup.php on line 121
2018-09-03 1:21:04 - PHP Notice:  Undefined offset: 4 in E:\xampp\htdocs\hikefun\catalog\controller\extension\module\pavuserpopup.php on line 121
2018-09-03 1:21:04 - PHP Notice:  Array to string conversion in E:\xampp\htdocs\hikefun\catalog\controller\extension\module\pavuserpopup.php on line 122
2018-09-03 1:21:04 - PHP Warning:  trim() expects parameter 1 to be string, array given in E:\xampp\htdocs\hikefun\catalog\controller\extension\module\pavuserpopup.php on line 123
2018-09-03 1:22:29 - PHP Notice:  Undefined offset: 4 in E:\xampp\htdocs\hikefun\catalog\controller\extension\module\pavuserpopup.php on line 121
2018-09-03 1:25:00 - PHP Notice:  Array to string conversion in E:\xampp\htdocs\hikefun\catalog\controller\extension\module\pavuserpopup.php on line 119
2018-09-03 1:25:00 - PHP Notice:  Undefined offset: 4 in E:\xampp\htdocs\hikefun\catalog\controller\extension\module\pavuserpopup.php on line 122
2018-09-03 1:25:32 - PHP Notice:  Undefined offset: 4 in E:\xampp\htdocs\hikefun\catalog\controller\extension\module\pavuserpopup.php on line 122
2018-09-03 1:25:51 - PHP Notice:  Undefined offset: 4 in E:\xampp\htdocs\hikefun\catalog\controller\extension\module\pavuserpopup.php on line 122
2018-09-03 1:26:27 - PHP Notice:  Undefined offset: 4 in E:\xampp\htdocs\hikefun\catalog\controller\extension\module\pavuserpopup.php on line 122
2018-09-03 1:26:40 - PHP Notice:  Undefined offset: 4 in E:\xampp\htdocs\hikefun\catalog\controller\extension\module\pavuserpopup.php on line 122
2018-09-03 1:28:12 - PHP Notice:  Undefined offset: 4 in E:\xampp\htdocs\hikefun\catalog\controller\extension\module\pavuserpopup.php on line 122
2018-09-03 2:53:41 - PHP Notice:  Undefined variable: file in E:\xampp\htdocs\hikefun\admin\controller\extension\module\pavothemer.php on line 2300
2018-09-03 2:53:42 - PHP Notice:  Undefined variable: file in E:\xampp\htdocs\hikefun\admin\controller\extension\module\pavothemer.php on line 2300
2018-09-03 2:53:52 - PHP Notice:  Undefined variable: file in E:\xampp\htdocs\hikefun\admin\controller\extension\module\pavothemer.php on line 2300
2018-09-03 2:53:53 - PHP Notice:  Undefined variable: file in E:\xampp\htdocs\hikefun\admin\controller\extension\module\pavothemer.php on line 2300
2018-09-03 2:54:38 - PHP Notice:  Undefined variable: file in E:\xampp\htdocs\hikefun\admin\controller\extension\module\pavothemer.php on line 2300
2018-09-03 2:54:40 - PHP Notice:  Undefined variable: file in E:\xampp\htdocs\hikefun\admin\controller\extension\module\pavothemer.php on line 2300
2018-09-03 2:55:06 - PHP Notice:  Undefined variable: file in E:\xampp\htdocs\hikefun\admin\controller\extension\module\pavothemer.php on line 2300
2018-09-03 2:55:07 - PHP Notice:  Undefined variable: file in E:\xampp\htdocs\hikefun\admin\controller\extension\module\pavothemer.php on line 2300
2018-09-03 2:55:14 - PHP Notice:  Undefined variable: file in E:\xampp\htdocs\hikefun\admin\controller\extension\module\pavothemer.php on line 2300
2018-09-03 2:55:15 - PHP Notice:  Undefined variable: file in E:\xampp\htdocs\hikefun\admin\controller\extension\module\pavothemer.php on line 2300
2018-09-03 3:04:38 - PHP Notice:  Undefined variable: file in E:\xampp\htdocs\hikefun\admin\controller\extension\module\pavothemer.php on line 2300
2018-09-03 3:04:39 - PHP Notice:  Undefined variable: file in E:\xampp\htdocs\hikefun\admin\controller\extension\module\pavothemer.php on line 2300
2018-09-04 15:11:51 - PHP Notice:  Undefined index: name in E:\xampp\htdocs\hikefun\catalog\controller\extension\module\pavobuilder\inc\widgets\categories_tabs.php on line 297
2018-09-04 15:11:55 - PHP Notice:  Undefined index: name in E:\xampp\htdocs\hikefun\catalog\controller\extension\module\pavobuilder\inc\widgets\categories_tabs.php on line 297
2018-09-05 15:04:01 - PHP Warning:  mysqli::mysqli(): (HY000/2002): No connection could be made because the target machine actively refused it.
 in E:\xampp\htdocs\hikefun\system\library\db\mysqli.php on line 7
2018-09-05 15:04:01 - PHP Warning:  DB\MySQLi::__construct(): Couldn't fetch mysqli in E:\xampp\htdocs\hikefun\system\library\db\mysqli.php on line 10
2018-09-05 15:04:01 - PHP Warning:  DB\MySQLi::__construct(): Couldn't fetch mysqli in E:\xampp\htdocs\hikefun\system\library\db\mysqli.php on line 10
2018-09-07 16:27:24 - PHP Warning:  unlink(E:/xampp/htdocs/hikefun/system/storage/cache/cache.product.latest.1.0.1.7.1536341244): Permission denied in E:\xampp\htdocs\hikefun\system\library\cache\file.php on line 68
2018-09-09 7:00:03 - PHP Warning:  mysqli::mysqli(): (HY000/2002): No connection could be made because the target machine actively refused it.
 in E:\xampp\htdocs\hikefun\system\library\db\mysqli.php on line 7
2018-09-09 7:00:03 - PHP Warning:  DB\MySQLi::__construct(): Couldn't fetch mysqli in E:\xampp\htdocs\hikefun\system\library\db\mysqli.php on line 10
2018-09-09 7:00:03 - PHP Warning:  DB\MySQLi::__construct(): Couldn't fetch mysqli in E:\xampp\htdocs\hikefun\system\library\db\mysqli.php on line 10
2018-10-02 15:34:50 - PHP Notice:  Undefined variable: file in E:\xampp\htdocs\hikefun\admin\controller\extension\module\pavothemer.php on line 2300
2018-10-02 15:34:51 - PHP Notice:  Undefined variable: file in E:\xampp\htdocs\hikefun\admin\controller\extension\module\pavothemer.php on line 2300
2018-10-03 16:29:41 - PHP Notice:  Undefined variable: file in E:\xampp\htdocs\hikefun\admin\controller\extension\module\pavothemer.php on line 2300
2018-10-03 16:29:42 - PHP Notice:  Undefined variable: file in E:\xampp\htdocs\hikefun\admin\controller\extension\module\pavothemer.php on line 2300
2018-10-04 15:30:27 - PHP Warning:  mysqli::mysqli(): (HY000/2002): No connection could be made because the target machine actively refused it.
 in E:\xampp\htdocs\hikefun\system\library\db\mysqli.php on line 7
2018-10-04 15:30:27 - PHP Warning:  DB\MySQLi::__construct(): Couldn't fetch mysqli in E:\xampp\htdocs\hikefun\system\library\db\mysqli.php on line 10
2018-10-04 15:30:27 - PHP Warning:  DB\MySQLi::__construct(): Couldn't fetch mysqli in E:\xampp\htdocs\hikefun\system\library\db\mysqli.php on line 10
2018-10-24 4:12:52 - PHP Notice:  Undefined index: src in E:\xampp\htdocs\hikefun\catalog\controller\extension\module\pavobuilder\inc\widgets\logo.php on line 94
2018-10-24 4:12:52 - PHP Notice:  Undefined index: src in E:\xampp\htdocs\hikefun\catalog\controller\extension\module\pavobuilder\inc\widgets\logo.php on line 95
2018-10-24 4:14:13 - PHP Notice:  Undefined index: src in E:\xampp\htdocs\hikefun\catalog\controller\extension\module\pavobuilder\inc\widgets\logo.php on line 94
2018-10-24 4:14:13 - PHP Notice:  Undefined index: src in E:\xampp\htdocs\hikefun\catalog\controller\extension\module\pavobuilder\inc\widgets\logo.php on line 95
2018-10-24 4:14:43 - PHP Notice:  Undefined index: src in E:\xampp\htdocs\hikefun\catalog\controller\extension\module\pavobuilder\inc\widgets\logo.php on line 94
2018-10-24 4:14:43 - PHP Notice:  Undefined index: src in E:\xampp\htdocs\hikefun\catalog\controller\extension\module\pavobuilder\inc\widgets\logo.php on line 95
2018-10-27 9:27:47 - PHP Notice:  Undefined index: src in E:\xampp\htdocs\hikefun\catalog\controller\extension\module\pavobuilder\inc\widgets\logo.php on line 94
2018-10-27 9:27:47 - PHP Notice:  Undefined index: src in E:\xampp\htdocs\hikefun\catalog\controller\extension\module\pavobuilder\inc\widgets\logo.php on line 95
2018-10-27 10:10:37 - PHP Warning:  unlink(E:/xampp/htdocs/hikefun/system/storage/cache/cache.product.latest.4.0.1.7.1540638637): Permission denied in E:\xampp\htdocs\hikefun\system\library\cache\file.php on line 68
2018-10-27 10:10:37 - PHP Warning:  unlink(E:/xampp/htdocs/hikefun/system/storage/cache/cache.product.latest.4.0.1.7.1540638637): Permission denied in E:\xampp\htdocs\hikefun\system\library\cache\file.php on line 68
